[18:14:19] [Client thread/INFO]: Setting user: Player15
[18:14:24] [Client thread/INFO]: LWJGL Version: 2.9.1
[18:14:29] [Client thread/INFO]: Reloading ResourceManager: Default, FMLFileResourcePack:Forge Mod Loader, FMLFileResourcePack:Minecraft Forge, FMLFileResourcePack:Celestial Powers
[18:14:29] [Sound Library Loader/INFO]: Starting up SoundSystem...
[18:14:30] [Thread-7/INFO]: Initializing LWJGL OpenAL
[18:14:30] [Thread-7/INFO]: (The LWJGL binding of OpenAL.  For more information, see http://www.lwjgl.org)
[18:14:30] [Thread-7/INFO]: OpenAL initialized.
[18:14:30] [Sound Library Loader/INFO]: Sound engine started
[18:14:45] [Client thread/INFO]: Created: 512x512 textures-atlas
[18:14:47] [Client thread/INFO]: Reloading ResourceManager: Default, FMLFileResourcePack:Forge Mod Loader, FMLFileResourcePack:Minecraft Forge, FMLFileResourcePack:Celestial Powers
[18:14:47] [Client thread/INFO]: SoundSystem shutting down...
[18:14:47] [Client thread/WARN]: Author: Paul Lamb, www.paulscode.com
[18:14:47] [Sound Library Loader/INFO]: Starting up SoundSystem...
[18:14:48] [Thread-9/INFO]: Initializing LWJGL OpenAL
[18:14:48] [Thread-9/INFO]: (The LWJGL binding of OpenAL.  For more information, see http://www.lwjgl.org)
[18:14:48] [Thread-9/INFO]: OpenAL initialized.
[18:14:48] [Sound Library Loader/INFO]: Sound engine started
[18:15:03] [Client thread/INFO]: Created: 512x512 textures-atlas
[18:15:10] [Server thread/INFO]: Starting integrated minecraft server version 1.8
[18:15:10] [Server thread/INFO]: Generating keypair
[18:15:11] [Server thread/INFO]: Preparing start region for level 0
[18:15:12] [Server thread/INFO]: Preparing spawn area: 55%
[18:15:13] [Server thread/INFO]: Changing view distance to 12, from 10
[18:15:14] [Server thread/INFO]: Player15[local:E:a3aca429] logged in with entity id 107 at (-1.9386855507499097, 4.0, -667.9781432004638)
[18:15:14] [Server thread/INFO]: Player15 joined the game
[18:15:19] [Server thread/INFO]: Player15 has just earned the achievement [Taking Inventory]
[18:15:19] [Client thread/INFO]: [CHAT] Player15 has just earned the achievement [Taking Inventory]
[18:15:33] [Server thread/INFO]: Saving and pausing game...
[18:15:33] [Server thread/INFO]: Saving chunks for level 'Test World'/Overworld
[18:15:33] [Server thread/INFO]: Saving chunks for level 'Test World'/Nether
[18:15:33] [Server thread/INFO]: Saving chunks for level 'Test World'/The End
[18:16:52] [Server thread/INFO]: Saving and pausing game...
[18:16:52] [Server thread/INFO]: Saving chunks for level 'Test World'/Overworld
[18:16:52] [Server thread/INFO]: Saving chunks for level 'Test World'/Nether
[18:16:52] [Server thread/INFO]: Saving chunks for level 'Test World'/The End
[18:16:53] [Server thread/INFO]: Stopping server
[18:16:53] [Server thread/INFO]: Saving players
[18:16:53] [Server thread/INFO]: Saving worlds
[18:16:53] [Server thread/INFO]: Saving chunks for level 'Test World'/Overworld
[18:16:53] [Server thread/INFO]: Saving chunks for level 'Test World'/Nether
[18:16:53] [Server thread/INFO]: Saving chunks for level 'Test World'/The End
[18:17:00] [Client thread/INFO]: Stopping!
[18:17:00] [Client thread/INFO]: SoundSystem shutting down...
[18:17:01] [Client thread/WARN]: Author: Paul Lamb, www.paulscode.com
